<?xml version="1.0" encoding="UTF-8"?>
<!-- Generated by org.testng.reporters.JUnitXMLReporter -->
<testsuite hostname="Chinmaya-84-7B-EB-31-2E-9C" ignored="0" name="Default test" tests="2" failures="0" timestamp="02 Apr 2018 05:40:58 GMT" time="4.802" errors="0">
  <testcase name="createIssueInJiraApiTest" time="4.552" classname="com.rest.services.test.JiraTests"/>
  <testcase name="loginToJiraApiTest" time="0.189" classname="com.rest.services.test.JiraTests"/>
</testsuite> <!-- Default test -->
