<?xml version="1.0" encoding="UTF-8"?>
<!-- Generated by org.testng.reporters.JUnitXMLReporter -->
<testsuite hostname="Chinmaya-84-7B-EB-31-2E-9C" ignored="0" name="Test" tests="2" failures="0" timestamp="28 Mar 2018 12:08:56 GMT" time="3.359" errors="0">
  <testcase name="loginToJiraApiTest" time="1.769" classname="com.rest.services.test.CreateJiraLoginTest"/>
  <testcase name="createIssueInJiraApiTest" time="1.572" classname="com.rest.services.test.CreateJiraLoginTest"/>
</testsuite> <!-- Test -->
