<?xml version="1.0" encoding="UTF-8"?>
<!-- Generated by org.testng.reporters.JUnitXMLReporter -->
<testsuite hostname="Chinmaya-84-7B-EB-31-2E-9C" ignored="1" name="Command line test" tests="1" failures="0" timestamp="28 Mar 2018 09:59:41 GMT" time="3.317" errors="0">
  <testcase name="createIssueInJiraApiTest" time="3.292" classname="com.rest.services.test.CreateJiraLoginTest"/>
  <testcase name="@BeforeTest SetUp" time="0.0" classname="com.rest.services.test.TestBase">
    <ignored/>
  </testcase> <!-- @BeforeTest SetUp -->
</testsuite> <!-- Command line test -->
