<?xml version="1.0" encoding="UTF-8"?>
<!-- Generated by org.testng.reporters.JUnitXMLReporter -->
<testsuite hostname="Chinmaya-84-7B-EB-31-2E-9C" ignored="0" name="Test" tests="1" failures="1" timestamp="27 Mar 2018 05:52:45 GMT" time="2.209" errors="0">
  <testcase name="loginToJiraApiTest" time="2.183" classname="com.rest.services.test.CreateJiraLoginTest">
    <failure type="java.lang.NullPointerException">
      <![CDATA[java.lang.NullPointerException
	at com.rest.services.test.CreateJiraLoginTest.loginToJiraApiTest(CreateJiraLoginTest.java:31)
... Removed 29 stack frames]]>
    </failure>
  </testcase> <!-- loginToJiraApiTest -->
</testsuite> <!-- Test -->
