<?xml version="1.0" encoding="UTF-8"?>
<testng-results skipped="0" failed="0" ignored="1" total="2" passed="1">
  <reporter-output>
  </reporter-output>
  <suite name="Command line suite" duration-ms="3317" started-at="2018-03-28T09:59:38Z" finished-at="2018-03-28T09:59:41Z">
    <groups>
    </groups>
    <test name="Command line test" duration-ms="3317" started-at="2018-03-28T09:59:38Z" finished-at="2018-03-28T09:59:41Z">
      <class name="com.rest.services.test.CreateJiraLoginTest">
        <test-method status="PASS" signature="SetUp()[pri:0, instance:com.rest.services.test.CreateJiraLoginTest@5ebec15]" name="SetUp" is-config="true" duration-ms="15" started-at="2018-03-28T15:29:38Z" finished-at="2018-03-28T15:29:38Z">
          <reporter-output>
          </reporter-output>
        </test-method> <!-- SetUp -->
        <test-method status="PASS" signature="createIssueInJiraApiTest()[pri:0, instance:com.rest.services.test.CreateJiraLoginTest@5ebec15]" name="createIssueInJiraApiTest" duration-ms="3292" started-at="2018-03-28T15:29:38Z" finished-at="2018-03-28T15:29:41Z">
          <reporter-output>
          </reporter-output>
        </test-method> <!-- createIssueInJiraApiTest -->
      </class> <!-- com.rest.services.test.CreateJiraLoginTest -->
    </test> <!-- Command line test -->
  </suite> <!-- Command line suite -->
</testng-results>
