<?xml version="1.0" encoding="UTF-8"?>
<testsuite xmlns:xsi="http://www.w3.org/2001/XMLSchema-instance" xsi:noNamespaceSchemaLocation="https://maven.apache.org/surefire/maven-surefire-plugin/xsd/surefire-test-report.xsd" name="TestSuite" time="3.656" tests="2" errors="0" skipped="0" failures="0">
  <properties>
[...]
</properties>
  <testcase name="loginToJiraApiTest" classname="com.rest.services.test.JiraTests" time="1.556"/>
  <testcase name="createIssueInJiraApiTest" classname="com.rest.services.test.JiraTests" time="1.413"/>
</testsuite>