<?xml version="1.0" encoding="UTF-8"?>
<testng-results skipped="0" failed="0" ignored="0" total="2" passed="2">
  <reporter-output>
  </reporter-output>
  <suite name="Suite" duration-ms="3086" started-at="2018-04-05T05:30:47Z" finished-at="2018-04-05T05:30:50Z">
    <groups>
    </groups>
    <test name="Automation" duration-ms="3086" started-at="2018-04-05T05:30:47Z" finished-at="2018-04-05T05:30:50Z">
      <class name="com.rest.services.test.JiraTests">
        <test-method status="PASS" signature="SetUp()[pri:0, instance:com.rest.services.test.JiraTests@6d7b4f4c]" name="SetUp" is-config="true" duration-ms="187" started-at="2018-04-05T11:00:47Z" finished-at="2018-04-05T11:00:47Z">
          <reporter-output>
          </reporter-output>
        </test-method> <!-- SetUp -->
        <test-method status="PASS" signature="nameBefore(java.lang.reflect.Method)[pri:0, instance:com.rest.services.test.JiraTests@6d7b4f4c]" name="nameBefore" is-config="true" duration-ms="0" started-at="2018-04-05T11:00:47Z" finished-at="2018-04-05T11:00:47Z">
          <params>
            <param index="0">
              <value>
                <![CDATA[public void com.rest.services.test.JiraTests.loginToJiraApiTest()]]>
              </value>
            </param>
          </params>
          <reporter-output>
          </reporter-output>
        </test-method> <!-- nameBefore -->
        <test-method status="PASS" signature="loginToJiraApiTest()[pri:0, instance:com.rest.services.test.JiraTests@6d7b4f4c]" name="loginToJiraApiTest" duration-ms="1690" started-at="2018-04-05T11:00:47Z" finished-at="2018-04-05T11:00:49Z">
          <reporter-output>
          </reporter-output>
        </test-method> <!-- loginToJiraApiTest -->
        <test-method status="PASS" signature="createIssueInJiraApiTest()[pri:0, instance:com.rest.services.test.JiraTests@6d7b4f4c]" name="createIssueInJiraApiTest" duration-ms="1191" started-at="2018-04-05T11:00:49Z" finished-at="2018-04-05T11:00:50Z">
          <reporter-output>
          </reporter-output>
        </test-method> <!-- createIssueInJiraApiTest -->
        <test-method status="PASS" signature="nameBefore(java.lang.reflect.Method)[pri:0, instance:com.rest.services.test.JiraTests@6d7b4f4c]" name="nameBefore" is-config="true" duration-ms="0" started-at="2018-04-05T11:00:49Z" finished-at="2018-04-05T11:00:49Z">
          <params>
            <param index="0">
              <value>
                <![CDATA[public void com.rest.services.test.JiraTests.createIssueInJiraApiTest() throws java.lang.Exception]]>
              </value>
            </param>
          </params>
          <reporter-output>
          </reporter-output>
        </test-method> <!-- nameBefore -->
        <test-method status="PASS" signature="TestResult(org.testng.ITestResult)[pri:0, instance:com.rest.services.test.JiraTests@6d7b4f4c]" name="TestResult" is-config="true" duration-ms="0" started-at="2018-04-05T11:00:49Z" finished-at="2018-04-05T11:00:49Z">
          <params>
            <param index="0">
              <value>
                <![CDATA[[TestResult name=loginToJiraApiTest status=SUCCESS method=JiraTests.loginToJiraApiTest()[pri:0, instance:com.rest.services.test.JiraTests@6d7b4f4c] output={null}]]]>
              </value>
            </param>
          </params>
          <reporter-output>
          </reporter-output>
        </test-method> <!-- TestResult -->
        <test-method status="PASS" signature="TestResult(org.testng.ITestResult)[pri:0, instance:com.rest.services.test.JiraTests@6d7b4f4c]" name="TestResult" is-config="true" duration-ms="0" started-at="2018-04-05T11:00:50Z" finished-at="2018-04-05T11:00:50Z">
          <params>
            <param index="0">
              <value>
                <![CDATA[[TestResult name=createIssueInJiraApiTest status=SUCCESS method=JiraTests.createIssueInJiraApiTest()[pri:0, instance:com.rest.services.test.JiraTests@6d7b4f4c] output={null}]]]>
              </value>
            </param>
          </params>
          <reporter-output>
          </reporter-output>
        </test-method> <!-- TestResult -->
        <test-method status="PASS" signature="tearDown()[pri:0, instance:com.rest.services.test.JiraTests@6d7b4f4c]" name="tearDown" is-config="true" duration-ms="218" started-at="2018-04-05T11:00:50Z" finished-at="2018-04-05T11:00:50Z">
          <reporter-output>
          </reporter-output>
        </test-method> <!-- tearDown -->
      </class> <!-- com.rest.services.test.JiraTests -->
    </test> <!-- Automation -->
  </suite> <!-- Suite -->
</testng-results>
